[01m[K/home/jbreen/porting_ws/src/atrvjr_robot/atrvjr_drivers/rflex/src/atvrjr_node.cc:8:10:[m[K [01;31m[Kfatal error: [m[Kgeometry_msg/msg/twist.hpp: No such file or directory
    8 | #include [01;31m[K<geometry_msg/msg/twist.hpp>[m[K
      |          [01;31m[K^~~~~~~~~~~~~~~~~~~~~~~~~~~~[m[K
compilation terminated.
gmake[2]: *** [CMakeFiles/rflex_ros2.dir/build.make:76: CMakeFiles/rflex_ros2.dir/src/atvrjr_node.cc.o] Error 1
gmake[1]: *** [CMakeFiles/Makefile2:137: CMakeFiles/rflex_ros2.dir/all] Error 2
gmake: *** [Makefile:146: all] Error 2
