[0.010s] Invoking command in '/home/jbreen/porting_ws/src/atrvjr_robot/build/rflex': CMAKE_PREFIX_PATH=${CMAKE_PREFIX_PATH}:/opt/ros/humble /home/jbreen/cmake-install/bin/cmake --build /home/jbreen/porting_ws/src/atrvjr_robot/build/rflex -- -j12 -l12
[0.025s] -- Found ament_cmake: 1.3.9 (/opt/ros/humble/share/ament_cmake/cmake)
[0.188s] -- Found rclcpp: 16.0.9 (/opt/ros/humble/share/rclcpp/cmake)
[0.228s] -- Found rosidl_generator_c: 3.1.5 (/opt/ros/humble/share/rosidl_generator_c/cmake)
[0.230s] -- Found rosidl_adapter: 3.1.5 (/opt/ros/humble/share/rosidl_adapter/cmake)
[0.236s] -- Found rosidl_generator_cpp: 3.1.5 (/opt/ros/humble/share/rosidl_generator_cpp/cmake)
[0.247s] -- Using all available rosidl_typesupport_c: rosidl_typesupport_fastrtps_c;rosidl_typesupport_introspection_c
[0.263s] -- Using all available rosidl_typesupport_cpp: rosidl_typesupport_fastrtps_cpp;rosidl_typesupport_introspection_cpp
[0.320s] -- Found rmw_implementation_cmake: 6.1.2 (/opt/ros/humble/share/rmw_implementation_cmake/cmake)
[0.321s] -- Found rmw_fastrtps_cpp: 6.2.6 (/opt/ros/humble/share/rmw_fastrtps_cpp/cmake)
[0.458s] -- Using RMW implementation 'rmw_fastrtps_cpp' as default
[0.615s] -- Found rclcpp_lifecycle: 16.0.9 (/opt/ros/humble/share/rclcpp_lifecycle/cmake)
[0.653s] -- Found sensor_msgs: 4.2.4 (/opt/ros/humble/share/sensor_msgs/cmake)
[0.774s] -- Found nav_msgs: 4.2.4 (/opt/ros/humble/share/nav_msgs/cmake)
[0.854s] -- Found tf2: 0.25.7 (/opt/ros/humble/share/tf2/cmake)
[0.861s] -- Found tf2_ros: 0.25.7 (/opt/ros/humble/share/tf2_ros/cmake)
[1.172s] -- Found tf2_geometry_msgs: 0.25.7 (/opt/ros/humble/share/tf2_geometry_msgs/cmake)
[1.176s] -- Found eigen3_cmake_module: 0.1.1 (/opt/ros/humble/share/eigen3_cmake_module/cmake)
[1.177s] -- Ensuring Eigen3 include directory is part of orocos-kdl CMake target
[1.186s] -- Found tf2_sensor_msgs: 0.25.7 (/opt/ros/humble/share/tf2_sensor_msgs/cmake)
[1.230s] -- Found ament_lint_auto: 0.12.11 (/opt/ros/humble/share/ament_lint_auto/cmake)
[1.282s] -- Added test 'cppcheck' to perform static code analysis on C / C++ code
[1.283s] -- Configured cppcheck include dirs: $<BUILD_INTERFACE:/home/jbreen/porting_ws/src/atrvjr_robot/atrvjr_drivers/rflex/include>;/home/jbreen/porting_ws/src/atrvjr_robot/atrvjr_drivers/rflex/include
[1.283s] -- Configured cppcheck exclude dirs and/or files: 
[1.283s] -- Added test 'lint_cmake' to check CMake code style
[1.284s] -- Added test 'uncrustify' to check C / C++ code style
[1.285s] -- Configured uncrustify additional arguments: 
[1.285s] -- Added test 'xmllint' to check XML markup files
[1.285s] -- Configuring done (1.3s)
[1.309s] -- Generating done (0.0s)
[1.311s] -- Build files have been written to: /home/jbreen/porting_ws/src/atrvjr_robot/build/rflex
[1.336s] [ 50%] [32mBuilding CXX object CMakeFiles/rflex_ros2.dir/src/atvrjr_node.cc.o[0m
[1.879s] [01m[K/home/jbreen/porting_ws/src/atrvjr_robot/atrvjr_drivers/rflex/src/atvrjr_node.cc:8:10:[m[K [01;31m[Kfatal error: [m[Kgeometry_msg/msg/twist.hpp: No such file or directory
[1.880s]     8 | #include [01;31m[K<geometry_msg/msg/twist.hpp>[m[K
[1.880s]       |          [01;31m[K^~~~~~~~~~~~~~~~~~~~~~~~~~~~[m[K
[1.880s] compilation terminated.
[1.885s] gmake[2]: *** [CMakeFiles/rflex_ros2.dir/build.make:76: CMakeFiles/rflex_ros2.dir/src/atvrjr_node.cc.o] Error 1
[1.886s] gmake[1]: *** [CMakeFiles/Makefile2:137: CMakeFiles/rflex_ros2.dir/all] Error 2
[1.886s] gmake: *** [Makefile:146: all] Error 2
[1.888s] Invoked command in '/home/jbreen/porting_ws/src/atrvjr_robot/build/rflex' returned '2': CMAKE_PREFIX_PATH=${CMAKE_PREFIX_PATH}:/opt/ros/humble /home/jbreen/cmake-install/bin/cmake --build /home/jbreen/porting_ws/src/atrvjr_robot/build/rflex -- -j12 -l12
