[0.008s] Invoking command in '/home/jbreen/porting_ws/src/atrvjr_robot/build/rflex': CMAKE_PREFIX_PATH=${CMAKE_PREFIX_PATH}:/opt/ros/humble /home/jbreen/cmake-install/bin/cmake /home/jbreen/porting_ws/src/atrvjr_robot/atrvjr_drivers/rflex -DCMAKE_INSTALL_PREFIX=/home/jbreen/porting_ws/src/atrvjr_robot/install/rflex
[0.367s] -- The C compiler identification is GNU 11.4.0
[0.553s] -- The CXX compiler identification is GNU 11.4.0
[0.615s] -- Detecting C compiler ABI info
[0.677s] -- Detecting C compiler ABI info - done
[0.686s] -- Check for working C compiler: /usr/bin/cc - skipped
[0.687s] -- Detecting C compile features
[0.687s] -- Detecting C compile features - done
[0.695s] -- Detecting CXX compiler ABI info
[0.763s] -- Detecting CXX compiler ABI info - done
[0.773s] -- Check for working CXX compiler: /usr/bin/c++ - skipped
[0.773s] -- Detecting CXX compile features
[0.773s] -- Detecting CXX compile features - done
[0.778s] -- Found ament_cmake: 1.3.9 (/opt/ros/humble/share/ament_cmake/cmake)
[0.888s] -- Found Python3: /usr/bin/python3 (found version "3.10.12") found components: Interpreter 
[0.975s] -- Found rclcpp: 16.0.9 (/opt/ros/humble/share/rclcpp/cmake)
[1.029s] -- Found rosidl_generator_c: 3.1.5 (/opt/ros/humble/share/rosidl_generator_c/cmake)
[1.036s] -- Found rosidl_adapter: 3.1.5 (/opt/ros/humble/share/rosidl_adapter/cmake)
[1.046s] -- Found rosidl_generator_cpp: 3.1.5 (/opt/ros/humble/share/rosidl_generator_cpp/cmake)
[1.063s] -- Using all available rosidl_typesupport_c: rosidl_typesupport_fastrtps_c;rosidl_typesupport_introspection_c
[1.088s] -- Using all available rosidl_typesupport_cpp: rosidl_typesupport_fastrtps_cpp;rosidl_typesupport_introspection_cpp
[1.168s] -- Found rmw_implementation_cmake: 6.1.2 (/opt/ros/humble/share/rmw_implementation_cmake/cmake)
[1.171s] -- Found rmw_fastrtps_cpp: 6.2.6 (/opt/ros/humble/share/rmw_fastrtps_cpp/cmake)
[1.277s] -- Found OpenSSL: /usr/lib/x86_64-linux-gnu/libcrypto.so (found version "3.0.2")  
[1.311s] -- Found FastRTPS: /opt/ros/humble/include  
[1.367s] -- Using RMW implementation 'rmw_fastrtps_cpp' as default
[1.379s] -- Performing Test CMAKE_HAVE_LIBC_PTHREAD
[1.439s] -- Performing Test CMAKE_HAVE_LIBC_PTHREAD - Success
[1.439s] -- Found Threads: TRUE  
[1.604s] -- Found sensor_msgs: 4.2.4 (/opt/ros/humble/share/sensor_msgs/cmake)
[1.733s] -- Found nav_msgs: 4.2.4 (/opt/ros/humble/share/nav_msgs/cmake)
[1.825s] -- Found tf2: 0.25.7 (/opt/ros/humble/share/tf2/cmake)
[1.843s] -- Found tf2_ros: 0.25.7 (/opt/ros/humble/share/tf2_ros/cmake)
[2.182s] -- Found tf2_geometry_msgs: 0.25.7 (/opt/ros/humble/share/tf2_geometry_msgs/cmake)
[2.203s] -- Found eigen3_cmake_module: 0.1.1 (/opt/ros/humble/share/eigen3_cmake_module/cmake)
[2.204s] -- Found Eigen3: TRUE (found version "3.4.0") 
[2.204s] -- Ensuring Eigen3 include directory is part of orocos-kdl CMake target
[2.215s] -- Found tf2_sensor_msgs: 0.25.7 (/opt/ros/humble/share/tf2_sensor_msgs/cmake)
[2.236s] -- Found ament_lint_auto: 0.12.11 (/opt/ros/humble/share/ament_lint_auto/cmake)
[2.308s] -- Added test 'cppcheck' to perform static code analysis on C / C++ code
[2.308s] -- Configured cppcheck include dirs: $<BUILD_INTERFACE:/home/jbreen/porting_ws/src/atrvjr_robot/atrvjr_drivers/rflex/include>;/home/jbreen/porting_ws/src/atrvjr_robot/atrvjr_drivers/rflex/include
[2.308s] -- Configured cppcheck exclude dirs and/or files: 
[2.308s] -- Added test 'lint_cmake' to check CMake code style
[2.310s] -- Added test 'uncrustify' to check C / C++ code style
[2.310s] -- Configured uncrustify additional arguments: 
[2.310s] -- Added test 'xmllint' to check XML markup files
[2.312s] -- Configuring done (2.3s)
[2.318s] -- Generating done (0.0s)
[2.320s] -- Build files have been written to: /home/jbreen/porting_ws/src/atrvjr_robot/build/rflex
[2.328s] Invoked command in '/home/jbreen/porting_ws/src/atrvjr_robot/build/rflex' returned '0': CMAKE_PREFIX_PATH=${CMAKE_PREFIX_PATH}:/opt/ros/humble /home/jbreen/cmake-install/bin/cmake /home/jbreen/porting_ws/src/atrvjr_robot/atrvjr_drivers/rflex -DCMAKE_INSTALL_PREFIX=/home/jbreen/porting_ws/src/atrvjr_robot/install/rflex
[2.330s] Invoking command in '/home/jbreen/porting_ws/src/atrvjr_robot/build/rflex': CMAKE_PREFIX_PATH=${CMAKE_PREFIX_PATH}:/opt/ros/humble /home/jbreen/cmake-install/bin/cmake --build /home/jbreen/porting_ws/src/atrvjr_robot/build/rflex -- -j12 -l12
[2.358s] [ 50%] [32mBuilding CXX object CMakeFiles/rflex_ros2.dir/src/atvrjr_node.cc.o[0m
[2.506s] [01m[K/home/jbreen/porting_ws/src/atrvjr_robot/atrvjr_drivers/rflex/src/atvrjr_node.cc:7:10:[m[K [01;31m[Kfatal error: [m[Krclcpp/rclcpp.hpp: No such file or directory
[2.506s]     7 | #include [01;31m[K<rclcpp/rclcpp.hpp>[m[K
[2.507s]       |          [01;31m[K^~~~~~~~~~~~~~~~~~~[m[K
[2.507s] compilation terminated.
[2.511s] gmake[2]: *** [CMakeFiles/rflex_ros2.dir/build.make:76: CMakeFiles/rflex_ros2.dir/src/atvrjr_node.cc.o] Error 1
[2.511s] gmake[1]: *** [CMakeFiles/Makefile2:137: CMakeFiles/rflex_ros2.dir/all] Error 2
[2.511s] gmake: *** [Makefile:146: all] Error 2
[2.513s] Invoked command in '/home/jbreen/porting_ws/src/atrvjr_robot/build/rflex' returned '2': CMAKE_PREFIX_PATH=${CMAKE_PREFIX_PATH}:/opt/ros/humble /home/jbreen/cmake-install/bin/cmake --build /home/jbreen/porting_ws/src/atrvjr_robot/build/rflex -- -j12 -l12
